<?xml version="1.0" encoding="UTF-8"?>
<!-- Generated by org.testng.reporters.JUnitReportReporter -->
<testsuite hostname="Manjus-iMac.local" failures="0" tests="1" name="testing.Tittle" time="6.427" errors="0" timestamp="2023-07-05T15:29:49 IST" skipped="0">
  <testcase classname="testing.Tittle" name="firdt" time="6.427"/>
</testsuite> <!-- testing.Tittle -->
