<?xml version="1.0" encoding="UTF-8"?>
<!-- Generated by org.testng.reporters.JUnitReportReporter -->
<testsuite hostname="Manjus-iMac.local" failures="0" tests="3" name="testing.skipping" time="0.012" errors="0" timestamp="2023-06-30T19:41:07 IST" skipped="3">
  <testcase classname="testing.skipping" name="testk" time="0.010">
    <skipped/>
  </testcase> <!-- testk -->
  <testcase classname="testing.skipping" name="testl" time="0.002">
    <skipped/>
  </testcase> <!-- testl -->
  <testcase classname="testing.skipping" name="testi">
    <skipped/>
  </testcase> <!-- testi -->
</testsuite> <!-- testing.skipping -->
