<?xml version="1.0" encoding="UTF-8"?>
<!-- Generated by org.testng.reporters.JUnitReportReporter -->
<testsuite hostname="Manjus-iMac.local" failures="0" tests="2" name="testing.Testng1" time="0.012" errors="0" timestamp="2023-07-05T15:29:02 IST" skipped="0">
  <testcase classname="testing.Testng1" name="Test2" time="0.001"/>
  <testcase classname="testing.Testng1" name="Test1" time="0.011"/>
</testsuite> <!-- testing.Testng1 -->
