<?xml version="1.0" encoding="UTF-8"?>
<!-- Generated by org.testng.reporters.JUnitReportReporter -->
<testsuite hostname="Manjus-iMac.local" failures="0" tests="1" name="testing.TestNG" time="0.011" errors="0" timestamp="2023-07-05T15:28:39 IST" skipped="0">
  <testcase classname="testing.TestNG" name="test1" time="0.011"/>
</testsuite> <!-- testing.TestNG -->
